mode: set
commerce-platform/services/orders/internal/order/order.go:21.37,22.11 1 1
commerce-platform/services/orders/internal/order/order.go:23.42,24.14 1 1
commerce-platform/services/orders/internal/order/order.go:26.2,26.14 1 1
commerce-platform/services/orders/internal/order/order.go:29.46,31.2 1 0
commerce-platform/services/orders/cmd/main.go:15.13,30.2 11 0
commerce-platform/services/orders/internal/grpc/product.pb.go:31.41,36.2 4 0
commerce-platform/services/orders/internal/grpc/product.pb.go:38.49,40.2 1 0
commerce-platform/services/orders/internal/grpc/product.pb.go:42.47,42.48 0 0
commerce-platform/services/orders/internal/grpc/product.pb.go:44.69,46.14 2 0
commerce-platform/services/orders/internal/grpc/product.pb.go:46.14,48.34 2 0
commerce-platform/services/orders/internal/grpc/product.pb.go:48.34,50.4 1 0
commerce-platform/services/orders/internal/grpc/product.pb.go:51.3,51.12 1 0
commerce-platform/services/orders/internal/grpc/product.pb.go:53.2,53.24 1 0
commerce-platform/services/orders/internal/grpc/product.pb.go:57.60,59.2 1 0
commerce-platform/services/orders/internal/grpc/product.pb.go:61.48,62.14 1 0
commerce-platform/services/orders/internal/grpc/product.pb.go:62.14,64.3 1 0
commerce-platform/services/orders/internal/grpc/product.pb.go:65.2,65.11 1 0
commerce-platform/services/orders/internal/grpc/product.pb.go:77.42,82.2 4 0
commerce-platform/services/orders/internal/grpc/product.pb.go:84.50,86.2 1 0
commerce-platform/services/orders/internal/grpc/product.pb.go:88.48,88.49 0 0
commerce-platform/services/orders/internal/grpc/product.pb.go:90.70,92.14 2 0
commerce-platform/services/orders/internal/grpc/product.pb.go:92.14,94.34 2 0
commerce-platform/services/orders/internal/grpc/product.pb.go:94.34,96.4 1 0
commerce-platform/services/orders/internal/grpc/product.pb.go:97.3,97.12 1 0
commerce-platform/services/orders/internal/grpc/product.pb.go:99.2,99.24 1 0
commerce-platform/services/orders/internal/grpc/product.pb.go:103.61,105.2 1 0
commerce-platform/services/orders/internal/grpc/product.pb.go:107.49,108.14 1 0
commerce-platform/services/orders/internal/grpc/product.pb.go:108.14,110.3 1 0
commerce-platform/services/orders/internal/grpc/product.pb.go:111.2,111.11 1 0
commerce-platform/services/orders/internal/grpc/product.pb.go:114.51,115.14 1 0
commerce-platform/services/orders/internal/grpc/product.pb.go:115.14,117.3 1 0
commerce-platform/services/orders/internal/grpc/product.pb.go:118.2,118.11 1 0
commerce-platform/services/orders/internal/grpc/product.pb.go:121.53,122.14 1 0
commerce-platform/services/orders/internal/grpc/product.pb.go:122.14,124.3 1 0
commerce-platform/services/orders/internal/grpc/product.pb.go:125.2,125.10 1 0
commerce-platform/services/orders/internal/grpc/product.pb.go:147.46,148.43 1 0
commerce-platform/services/orders/internal/grpc/product.pb.go:148.43,150.3 1 0
commerce-platform/services/orders/internal/grpc/product.pb.go:151.2,151.39 1 0
commerce-platform/services/orders/internal/grpc/product.pb.go:169.13,169.42 1 0
commerce-platform/services/orders/internal/grpc/product.pb.go:170.32,171.31 1 0
commerce-platform/services/orders/internal/grpc/product.pb.go:171.31,173.3 1 0
commerce-platform/services/orders/internal/grpc/product.pb.go:174.2,190.34 5 0
commerce-platform/services/orders/internal/grpc/product_grpc.pb.go:36.80,38.2 1 0
commerce-platform/services/orders/internal/grpc/product_grpc.pb.go:40.153,44.16 4 0
commerce-platform/services/orders/internal/grpc/product_grpc.pb.go:44.16,46.3 1 0
commerce-platform/services/orders/internal/grpc/product_grpc.pb.go:47.2,47.17 1 0
commerce-platform/services/orders/internal/grpc/product_grpc.pb.go:65.131,67.2 1 0
commerce-platform/services/orders/internal/grpc/product_grpc.pb.go:68.88,68.89 0 0
commerce-platform/services/orders/internal/grpc/product_grpc.pb.go:69.88,69.89 0 0
commerce-platform/services/orders/internal/grpc/product_grpc.pb.go:78.86,83.59 1 0
commerce-platform/services/orders/internal/grpc/product_grpc.pb.go:83.59,85.3 1 0
commerce-platform/services/orders/internal/grpc/product_grpc.pb.go:86.2,86.53 1 0
commerce-platform/services/orders/internal/grpc/product_grpc.pb.go:89.174,91.32 2 0
commerce-platform/services/orders/internal/grpc/product_grpc.pb.go:91.32,93.3 1 0
commerce-platform/services/orders/internal/grpc/product_grpc.pb.go:94.2,94.24 1 0
commerce-platform/services/orders/internal/grpc/product_grpc.pb.go:94.24,96.3 1 0
commerce-platform/services/orders/internal/grpc/product_grpc.pb.go:97.2,101.77 2 0
commerce-platform/services/orders/internal/grpc/product_grpc.pb.go:101.77,103.3 1 0
commerce-platform/services/orders/internal/grpc/product_grpc.pb.go:104.2,104.44 1 0
commerce-platform/services/orders/internal/grpc/products_client.go:17.70,22.16 2 0
commerce-platform/services/orders/internal/grpc/products_client.go:22.16,24.3 1 0
commerce-platform/services/orders/internal/grpc/products_client.go:26.2,26.72 1 0
commerce-platform/services/orders/internal/grpc/products_client.go:29.110,31.2 1 0
commerce-platform/services/orders/internal/grpc/products_client.go:33.65,35.16 2 0
commerce-platform/services/orders/internal/grpc/products_client.go:35.16,37.3 1 0
commerce-platform/services/orders/internal/grpc/products_client.go:38.2,38.15 1 0
commerce-platform/services/orders/internal/repository/order_repository.go:9.60,26.2 1 0
commerce-platform/services/orders/internal/repository/order_repository.go:28.62,31.32 2 0
commerce-platform/services/orders/internal/repository/order_repository.go:31.32,33.3 1 0
commerce-platform/services/orders/internal/repository/order_repository.go:35.2,35.15 1 0
commerce-platform/services/orders/internal/repository/order_repository.go:38.78,42.2 2 0
commerce-platform/services/orders/internal/repository/order_repository.go:44.58,46.2 1 0
commerce-platform/services/orders/internal/repository/order_repository.go:48.60,50.2 1 0
commerce-platform/services/orders/internal/repository/order_repository.go:52.56,54.2 1 0
commerce-platform/services/orders/internal/service/order_service.go:27.95,29.2 1 1
commerce-platform/services/orders/internal/service/order_service.go:31.50,33.2 1 1
commerce-platform/services/orders/internal/service/order_service.go:35.69,38.12 2 1
commerce-platform/services/orders/internal/service/order_service.go:38.12,41.3 2 1
commerce-platform/services/orders/internal/service/order_service.go:43.2,43.15 1 1
commerce-platform/services/orders/internal/service/order_service.go:46.106,47.64 1 1
commerce-platform/services/orders/internal/service/order_service.go:47.64,49.3 1 1
commerce-platform/services/orders/internal/service/order_service.go:51.2,61.12 4 1
commerce-platform/services/orders/internal/service/order_service.go:64.105,75.2 3 1
commerce-platform/services/orders/internal/service/order_service.go:77.47,81.2 2 1
commerce-platform/services/orders/internal/service/order_service.go:83.91,85.16 2 1
commerce-platform/services/orders/internal/service/order_service.go:85.16,88.3 2 1
commerce-platform/services/orders/internal/service/order_service.go:89.2,89.12 1 1
commerce-platform/services/orders/internal/http/dto_validation.go:12.41,14.2 1 1
commerce-platform/services/orders/internal/http/dto_validation.go:16.56,19.41 2 1
commerce-platform/services/orders/internal/http/dto_validation.go:19.41,21.3 1 1
commerce-platform/services/orders/internal/http/dto_validation.go:22.2,22.48 1 1
commerce-platform/services/orders/internal/http/dto_validation.go:22.48,24.3 1 1
commerce-platform/services/orders/internal/http/dto_validation.go:25.2,25.23 1 1
commerce-platform/services/orders/internal/http/dto_validation.go:25.23,27.3 1 1
commerce-platform/services/orders/internal/http/dto_validation.go:29.2,29.37 1 1
commerce-platform/services/orders/internal/http/dto_validation.go:29.37,33.3 2 1
commerce-platform/services/orders/internal/http/dto_validation.go:35.2,35.12 1 1
commerce-platform/services/orders/internal/http/dto_validation.go:38.56,41.48 2 1
commerce-platform/services/orders/internal/http/dto_validation.go:41.48,43.3 1 1
commerce-platform/services/orders/internal/http/dto_validation.go:44.2,44.23 1 1
commerce-platform/services/orders/internal/http/dto_validation.go:44.23,46.3 1 1
commerce-platform/services/orders/internal/http/dto_validation.go:47.2,47.27 1 1
commerce-platform/services/orders/internal/http/dto_validation.go:47.27,49.3 1 1
commerce-platform/services/orders/internal/http/dto_validation.go:51.2,51.37 1 1
commerce-platform/services/orders/internal/http/dto_validation.go:51.37,55.3 2 1
commerce-platform/services/orders/internal/http/dto_validation.go:57.2,57.12 1 1
commerce-platform/services/orders/internal/http/errors.go:11.52,14.36 2 1
commerce-platform/services/orders/internal/http/errors.go:14.36,22.3 2 1
commerce-platform/services/orders/internal/http/errors.go:24.2,24.13 1 1
commerce-platform/services/orders/internal/http/errors.go:26.32,32.4 1 1
commerce-platform/services/orders/internal/http/errors.go:34.31,40.4 1 1
commerce-platform/services/orders/internal/http/errors.go:42.34,48.4 1 1
commerce-platform/services/orders/internal/http/errors.go:50.10,57.4 2 0
commerce-platform/services/orders/internal/http/errors.go:66.3,78.2 5 1
commerce-platform/services/orders/internal/http/health_handler.go:11.40,13.2 1 1
commerce-platform/services/orders/internal/http/health_handler.go:15.54,17.2 1 1
commerce-platform/services/orders/internal/http/health_handler.go:19.75,21.2 1 1
commerce-platform/services/orders/internal/http/order_handler.go:16.72,18.2 1 1
commerce-platform/services/orders/internal/http/order_handler.go:20.53,26.2 5 1
commerce-platform/services/orders/internal/http/order_handler.go:28.74,35.2 4 1
commerce-platform/services/orders/internal/http/order_handler.go:37.73,41.16 3 1
commerce-platform/services/orders/internal/http/order_handler.go:41.16,44.3 2 1
commerce-platform/services/orders/internal/http/order_handler.go:46.2,49.30 3 1
commerce-platform/services/orders/internal/http/order_handler.go:52.76,56.16 3 1
commerce-platform/services/orders/internal/http/order_handler.go:56.16,60.3 3 1
commerce-platform/services/orders/internal/http/order_handler.go:62.2,62.48 1 1
commerce-platform/services/orders/internal/http/order_handler.go:62.48,65.3 2 1
commerce-platform/services/orders/internal/http/order_handler.go:67.2,68.100 2 1
commerce-platform/services/orders/internal/http/order_handler.go:68.100,71.3 2 1
commerce-platform/services/orders/internal/http/order_handler.go:73.2,73.35 1 1
commerce-platform/services/orders/internal/http/order_handler.go:76.76,83.16 5 1
commerce-platform/services/orders/internal/http/order_handler.go:83.16,87.3 3 1
commerce-platform/services/orders/internal/http/order_handler.go:90.2,91.48 2 1
commerce-platform/services/orders/internal/http/order_handler.go:91.48,94.3 2 1
commerce-platform/services/orders/internal/http/order_handler.go:96.2,99.30 3 1
commerce-platform/services/orders/internal/http/order_handler.go:102.76,108.2 3 1
