mode: set
commerce-platform/services/products/cmd/main.go:19.13,75.12 26 0
commerce-platform/services/products/cmd/main.go:75.12,78.3 2 0
commerce-platform/services/products/cmd/main.go:80.2,90.16 6 0
commerce-platform/services/products/cmd/main.go:90.16,92.3 1 0
commerce-platform/services/products/cmd/main.go:93.2,94.23 2 0
commerce-platform/services/products/internal/repository/product_repository.go:9.64,24.2 1 0
commerce-platform/services/products/internal/repository/product_repository.go:26.65,29.31 2 0
commerce-platform/services/products/internal/repository/product_repository.go:29.31,31.3 1 0
commerce-platform/services/products/internal/repository/product_repository.go:33.2,33.17 1 0
commerce-platform/services/products/internal/repository/product_repository.go:36.81,39.2 2 0
commerce-platform/services/products/internal/repository/product_repository.go:41.61,43.2 1 0
commerce-platform/services/products/internal/repository/product_repository.go:45.63,47.2 1 0
commerce-platform/services/products/internal/repository/product_repository.go:49.55,51.2 1 0
commerce-platform/services/products/internal/product/product.go:9.39,11.2 1 0
commerce-platform/services/products/internal/product/product.go:13.42,15.2 1 0
commerce-platform/services/products/internal/product/product.go:17.53,19.2 1 0
commerce-platform/services/products/internal/product/product.go:21.37,23.2 1 0
commerce-platform/services/products/internal/http/admin_handler.go:17.72,19.2 1 1
commerce-platform/services/products/internal/http/admin_handler.go:21.53,26.2 4 1
commerce-platform/services/products/internal/http/admin_handler.go:28.73,30.2 1 1
commerce-platform/services/products/internal/http/admin_handler.go:32.78,36.16 3 1
commerce-platform/services/products/internal/http/admin_handler.go:36.16,40.3 3 1
commerce-platform/services/products/internal/http/admin_handler.go:42.2,42.51 1 1
commerce-platform/services/products/internal/http/admin_handler.go:42.51,45.3 2 1
commerce-platform/services/products/internal/http/admin_handler.go:47.2,51.35 3 1
commerce-platform/services/products/internal/http/admin_handler.go:54.78,60.16 5 1
commerce-platform/services/products/internal/http/admin_handler.go:60.16,64.3 3 1
commerce-platform/services/products/internal/http/admin_handler.go:66.2,66.51 1 1
commerce-platform/services/products/internal/http/admin_handler.go:66.51,69.3 2 1
commerce-platform/services/products/internal/http/admin_handler.go:71.2,75.30 3 1
commerce-platform/services/products/internal/http/admin_handler.go:78.78,84.2 3 1
commerce-platform/services/products/internal/http/dto_validation.go:12.41,14.2 1 1
commerce-platform/services/products/internal/http/dto_validation.go:16.60,19.41 2 1
commerce-platform/services/products/internal/http/dto_validation.go:19.41,21.3 1 1
commerce-platform/services/products/internal/http/dto_validation.go:22.2,22.43 1 1
commerce-platform/services/products/internal/http/dto_validation.go:22.43,24.3 1 1
commerce-platform/services/products/internal/http/dto_validation.go:25.2,25.20 1 1
commerce-platform/services/products/internal/http/dto_validation.go:25.20,27.3 1 1
commerce-platform/services/products/internal/http/dto_validation.go:29.2,29.37 1 1
commerce-platform/services/products/internal/http/dto_validation.go:29.37,33.3 2 1
commerce-platform/services/products/internal/http/dto_validation.go:35.2,35.12 1 1
commerce-platform/services/products/internal/http/dto_validation.go:38.60,41.43 2 1
commerce-platform/services/products/internal/http/dto_validation.go:41.43,43.3 1 1
commerce-platform/services/products/internal/http/dto_validation.go:44.2,44.20 1 1
commerce-platform/services/products/internal/http/dto_validation.go:44.20,46.3 1 1
commerce-platform/services/products/internal/http/dto_validation.go:48.2,48.37 1 1
commerce-platform/services/products/internal/http/dto_validation.go:48.37,52.3 2 1
commerce-platform/services/products/internal/http/dto_validation.go:54.2,54.12 1 1
commerce-platform/services/products/internal/http/errors.go:11.52,14.36 2 1
commerce-platform/services/products/internal/http/errors.go:14.36,22.3 2 1
commerce-platform/services/products/internal/http/errors.go:24.2,24.13 1 1
commerce-platform/services/products/internal/http/errors.go:26.34,32.4 1 1
commerce-platform/services/products/internal/http/errors.go:34.33,40.4 1 1
commerce-platform/services/products/internal/http/errors.go:42.10,49.4 2 0
commerce-platform/services/products/internal/http/errors.go:58.3,70.2 5 1
commerce-platform/services/products/internal/http/health_handler.go:11.40,13.2 1 1
commerce-platform/services/products/internal/http/health_handler.go:15.54,17.2 1 1
commerce-platform/services/products/internal/http/health_handler.go:19.75,21.2 1 1
commerce-platform/services/products/internal/http/product_handler.go:16.80,20.2 1 1
commerce-platform/services/products/internal/http/product_handler.go:22.55,25.2 2 1
commerce-platform/services/products/internal/http/product_handler.go:27.78,34.2 4 1
commerce-platform/services/products/internal/http/product_handler.go:36.77,40.16 3 1
commerce-platform/services/products/internal/http/product_handler.go:40.16,43.3 2 1
commerce-platform/services/products/internal/http/product_handler.go:45.2,48.36 3 1
commerce-platform/services/products/internal/service/product_admin_service.go:18.56,20.2 1 1
commerce-platform/services/products/internal/service/product_admin_service.go:22.70,32.2 3 1
commerce-platform/services/products/internal/service/product_admin_service.go:34.70,44.2 3 1
commerce-platform/services/products/internal/service/product_admin_service.go:46.49,50.2 2 1
commerce-platform/services/products/internal/service/product_service.go:17.70,21.2 1 1
commerce-platform/services/products/internal/service/product_service.go:23.58,25.2 1 0
commerce-platform/services/products/internal/service/product_service.go:27.77,29.12 2 1
commerce-platform/services/products/internal/service/product_service.go:29.12,32.3 2 1
commerce-platform/services/products/internal/service/product_service.go:33.2,33.15 1 1
commerce-platform/services/products/internal/grpc/errors.go:10.35,12.13 1 1
commerce-platform/services/products/internal/grpc/errors.go:14.34,18.4 1 1
commerce-platform/services/products/internal/grpc/errors.go:20.33,24.4 1 0
commerce-platform/services/products/internal/grpc/errors.go:26.10,30.4 1 0
commerce-platform/services/products/internal/grpc/product.pb.go:31.41,36.2 4 1
commerce-platform/services/products/internal/grpc/product.pb.go:38.49,40.2 1 0
commerce-platform/services/products/internal/grpc/product.pb.go:42.47,42.48 0 0
commerce-platform/services/products/internal/grpc/product.pb.go:44.69,46.14 2 1
commerce-platform/services/products/internal/grpc/product.pb.go:46.14,48.34 2 1
commerce-platform/services/products/internal/grpc/product.pb.go:48.34,50.4 1 1
commerce-platform/services/products/internal/grpc/product.pb.go:51.3,51.12 1 1
commerce-platform/services/products/internal/grpc/product.pb.go:53.2,53.24 1 0
commerce-platform/services/products/internal/grpc/product.pb.go:57.60,59.2 1 0
commerce-platform/services/products/internal/grpc/product.pb.go:61.48,62.14 1 0
commerce-platform/services/products/internal/grpc/product.pb.go:62.14,64.3 1 0
commerce-platform/services/products/internal/grpc/product.pb.go:65.2,65.11 1 0
commerce-platform/services/products/internal/grpc/product.pb.go:77.42,82.2 4 1
commerce-platform/services/products/internal/grpc/product.pb.go:84.50,86.2 1 0
commerce-platform/services/products/internal/grpc/product.pb.go:88.48,88.49 0 0
commerce-platform/services/products/internal/grpc/product.pb.go:90.70,92.14 2 1
commerce-platform/services/products/internal/grpc/product.pb.go:92.14,94.34 2 1
commerce-platform/services/products/internal/grpc/product.pb.go:94.34,96.4 1 1
commerce-platform/services/products/internal/grpc/product.pb.go:97.3,97.12 1 1
commerce-platform/services/products/internal/grpc/product.pb.go:99.2,99.24 1 0
commerce-platform/services/products/internal/grpc/product.pb.go:103.61,105.2 1 0
commerce-platform/services/products/internal/grpc/product.pb.go:107.49,108.14 1 0
commerce-platform/services/products/internal/grpc/product.pb.go:108.14,110.3 1 0
commerce-platform/services/products/internal/grpc/product.pb.go:111.2,111.11 1 0
commerce-platform/services/products/internal/grpc/product.pb.go:114.51,115.14 1 0
commerce-platform/services/products/internal/grpc/product.pb.go:115.14,117.3 1 0
commerce-platform/services/products/internal/grpc/product.pb.go:118.2,118.11 1 0
commerce-platform/services/products/internal/grpc/product.pb.go:121.53,122.14 1 0
commerce-platform/services/products/internal/grpc/product.pb.go:122.14,124.3 1 0
commerce-platform/services/products/internal/grpc/product.pb.go:125.2,125.10 1 0
commerce-platform/services/products/internal/grpc/product.pb.go:147.78,148.75 1 0
commerce-platform/services/products/internal/grpc/product.pb.go:148.75,150.3 1 0
commerce-platform/services/products/internal/grpc/product.pb.go:151.2,151.71 1 0
commerce-platform/services/products/internal/grpc/product.pb.go:169.13,169.74 1 1
commerce-platform/services/products/internal/grpc/product.pb.go:170.64,171.63 1 1
commerce-platform/services/products/internal/grpc/product.pb.go:171.63,173.3 1 0
commerce-platform/services/products/internal/grpc/product.pb.go:174.2,190.66 5 1
commerce-platform/services/products/internal/grpc/product_grpc.pb.go:36.80,38.2 1 1
commerce-platform/services/products/internal/grpc/product_grpc.pb.go:40.153,44.16 4 1
commerce-platform/services/products/internal/grpc/product_grpc.pb.go:44.16,46.3 1 1
commerce-platform/services/products/internal/grpc/product_grpc.pb.go:47.2,47.17 1 1
commerce-platform/services/products/internal/grpc/product_grpc.pb.go:65.131,67.2 1 0
commerce-platform/services/products/internal/grpc/product_grpc.pb.go:68.88,68.89 0 0
commerce-platform/services/products/internal/grpc/product_grpc.pb.go:69.88,69.89 0 1
commerce-platform/services/products/internal/grpc/product_grpc.pb.go:78.86,83.59 1 1
commerce-platform/services/products/internal/grpc/product_grpc.pb.go:83.59,85.3 1 1
commerce-platform/services/products/internal/grpc/product_grpc.pb.go:86.2,86.53 1 1
commerce-platform/services/products/internal/grpc/product_grpc.pb.go:89.174,91.32 2 1
commerce-platform/services/products/internal/grpc/product_grpc.pb.go:91.32,93.3 1 0
commerce-platform/services/products/internal/grpc/product_grpc.pb.go:94.2,94.24 1 1
commerce-platform/services/products/internal/grpc/product_grpc.pb.go:94.24,96.3 1 1
commerce-platform/services/products/internal/grpc/product_grpc.pb.go:97.2,101.77 2 0
commerce-platform/services/products/internal/grpc/product_grpc.pb.go:101.77,103.3 1 0
commerce-platform/services/products/internal/grpc/product_grpc.pb.go:104.2,104.44 1 0
commerce-platform/services/products/internal/grpc/product_grpc_handler.go:14.81,18.2 1 1
commerce-platform/services/products/internal/grpc/product_grpc_handler.go:20.127,22.16 2 1
commerce-platform/services/products/internal/grpc/product_grpc_handler.go:22.16,24.3 1 1
commerce-platform/services/products/internal/grpc/product_grpc_handler.go:26.2,30.8 1 1
